-------------------------------------------------------------------------------
Test set: ies.puerto.Ejercicio1Test
-------------------------------------------------------------------------------
Tests run: 1, Failures: 1, Errors: 0, Skipped: 0, Time elapsed: 0.052 s <<< FAILURE! - in ies.puerto.Ejercicio1Test
calcularAreaTriangulo  Time elapsed: 0.047 s  <<< FAILURE!
org.opentest4j.AssertionFailedError: No se ha obtenido el resultado esperado ==> expected: <0> but was: <3>
	at ies.puerto.Ejercicio1Test.calcularAreaTriangulo(Ejercicio1Test.java:21)

